app/proguard-rules.pro
# Add project specific ProGuard rules here.
# By default, the flags in this file are appended to flags specified
# in D:\DeveloperTools\AndroidStudio\SDK/tools/proguard/proguard-android.txt
# You can edit the include path and order by changing the proguardFiles
# directive in build.gradle.
#
# For more details, see
#   http://developer.android.com/guide/developing/tools/proguard.html

# Add any project specific keep options here:

# If your project uses WebView with JS, uncomment the following
# and specify the fully qualified class name to the JavaScript interface
# class:
#-keepclassmembers class fqcn.of.javascript.interface.for.webview {
#   public *;
#}

#基线包使用，生成mapping.txt
-printmapping mapping.txt
#生成的mapping.txt在app/build/outputs/mapping/release路径下，移动到/app路径下
#修复后的项目使用，保证混淆结果一致
#-applymapping mapping.txt
#hotfix
-keep class com.taobao.sophix.**{*;}
-keep class com.ta.utdid2.device.**{*;}
-dontwarn com.alibaba.sdk.android.utils.**
#防止inline
-dontoptimize

-keepclassmembers class com.my.pkg.MyRealApplication {
    public <init>();
}
# 如果不使用android.support.annotation.Keep则需加上此行
# -keep class com.my.pkg.SophixStubApplication$RealApplicationStub