app/mapping.txt
# compiler: R8
# compiler_version: 1.5.68
# min_api: 15
# pg_map_id: 0f112c4
com.ddu.DataBinderMapperImpl -> b.c.a:
    android.util.SparseIntArray INTERNAL_LAYOUT_ID_LOOKUP -> a
    java.util.List collectDependencies() -> a
    androidx.databinding.ViewDataBinding getDataBinder(androidx.databinding.DataBindingComponent,android.view.View,int) -> a
    androidx.databinding.ViewDataBinding getDataBinder(androidx.databinding.DataBindingComponent,android.view.View[],int) -> a
com.ddu.R$drawable -> b.c.b:
com.ddu.R$id -> b.c.c:
com.ddu.R$styleable -> b.c.d:
com.ddu.app.App -> com.ddu.app.a:
    io.objectbox.BoxStore boxStore -> g
    com.ddu.app.App$Companion Companion -> i
    com.ddu.routes.ElementProvider elementProvider -> h
    io.objectbox.BoxStore access$getBoxStore$cp() -> d
    com.ddu.routes.ElementProvider access$getElementProvider$cp() -> e
com.ddu.app.App$Companion -> com.ddu.app.a$a:
    io.objectbox.BoxStore getBoxStore() -> a
    com.ddu.routes.ElementProvider getElementProvider() -> b
com.ddu.app.BaseApp -> com.ddu.app.b:
    android.app.Application mApp -> c
    android.os.Handler mainHandler -> e
    kotlin.reflect.KProperty[] $$delegatedProperties -> b
    com.ddu.app.BaseApp$Companion Companion -> f
    android.content.Context mContext -> d
    kotlin.Lazy sCacheActivities$delegate -> a
    android.app.Application access$getMApp$cp() -> a
    void addActivity(android.app.Activity) -> a
    android.content.Context access$getMContext$cp() -> b
    void removeActivity(android.app.Activity) -> b
    android.os.Handler access$getMainHandler$cp() -> c
    java.util.Map getSCacheActivities() -> d
com.ddu.app.BaseApp$Companion -> com.ddu.app.b$a:
    android.app.Application getContext() -> a
    void post(java.lang.Runnable) -> a
    void postDelayed(java.lang.Runnable,long) -> a
    android.app.Application getMApp() -> b
    android.content.Context getMContext() -> c
    android.os.Handler getMainHandler() -> d
com.ddu.app.BaseApp$sCacheActivities$2 -> com.ddu.app.b$b:
    com.ddu.app.BaseApp$sCacheActivities$2 INSTANCE -> a
com.ddu.app.SophixStubApplication -> com.ddu.app.SophixStubApplication:
    java.lang.String rsa -> a
    void initSophix() -> a
com.ddu.app.SophixStubApplication$1 -> com.ddu.app.SophixStubApplication$a:
    com.taobao.sophix.SophixManager val$instance -> a
com.ddu.databinding.BindingAdaptersKt -> b.c.e.a:
    void bindBackground(android.view.View,float,java.lang.Integer,java.lang.String) -> a
com.ddu.databinding.FragmentDatabindingBinding -> b.c.e.b:
com.ddu.databinding.FragmentDatabindingBindingImpl -> b.c.e.c:
    android.widget.LinearLayout mboundView0 -> r
    android.util.SparseIntArray sViewsWithIds -> u
    androidx.databinding.ViewDataBinding$IncludedLayouts sIncludes -> t
    long mDirtyFlags -> s
    void executeBindings() -> a
    boolean hasPendingBindings() -> d
    void invalidateAll() -> h
com.ddu.databinding.FragmentStudyContentRvItemDbBinding -> b.c.e.d:
    android.widget.LinearLayout cvStudyContent -> r
com.ddu.databinding.FragmentStudyContentRvItemDbBindingImpl -> b.c.e.e:
    android.util.SparseIntArray sViewsWithIds -> u
    androidx.databinding.ViewDataBinding$IncludedLayouts sIncludes -> t
    long mDirtyFlags -> s
    void executeBindings() -> a
    boolean hasPendingBindings() -> d
    void invalidateAll() -> h
com.ddu.databinding.FragmentStudyDbRvItemBinding -> b.c.e.f:
    android.widget.LinearLayout llDetail -> r
    com.ddu.viewmodels.StudyViewModel mViewModel -> v
    android.widget.TextView tvDescription -> s
    android.widget.TextView tvTitle -> t
    android.view.View$OnClickListener mClickListener -> u
    void setClickListener(android.view.View$OnClickListener) -> a
    void setViewModel(com.ddu.viewmodels.StudyViewModel) -> a
...
com.growingio.android.sdk.circle.CircleManager$4 -> b.f.a.a.d.a$f:
    com.growingio.android.sdk.models.VPAEvent val$event -> c
    com.growingio.android.sdk.models.ViewNode val$target -> b
    com.growingio.android.sdk.circle.CircleManager this$0 -> d
    java.lang.String val$eventType -> a
com.growingio.android.sdk.circle.CircleManager$5 -> b.f.a.a.d.a$g:
    com.growingio.android.sdk.circle.CircleManager this$0 -> a
com.growingio.android.sdk.circle.CircleManager$6 -> b.f.a.a.d.a$h:
    com.growingio.android.sdk.circle.CircleManager this$0 -> a
    void onSnapshotFinished(java.util.List) -> a
com.growingio.android.sdk.circle.CircleManager$7 -> b.f.a.a.d.a$i:
    com.growingio.android.sdk.circle.CircleManager this$0 -> a
    void traverseCallBack(com.growingio.android.sdk.models.ViewNode) -> b
com.growingio.android.sdk.circle.CircleManager$8 -> b.f.a.a.d.a$j:
    com.growingio.android.sdk.circle.CircleManager this$0 -> a
    void traverseCallBack(com.growingio.android.sdk.models.ViewNode) -> b
com.growingio.android.sdk.circle.CircleManager$9 -> b.f.a.a.d.a$k:
    com.growingio.android.sdk.circle.CircleManager this$0 -> a
com.growingio.android.sdk.circle.CircleManager$SnapshotMessageListener -> b.f.a.a.d.a$l:
    void onMessage(java.lang.String) -> a
com.growingio.android.sdk.circle.CircleSubscriber -> b.f.a.a.d.b:
    boolean isMainProcess -> b
    com.growingio.android.sdk.debugger.DebuggerManager debuggerManager -> a
    void do$Action(java.lang.String,java.lang.Object) -> a
    com.growingio.eventcenter.bus.SubscriberMethod[] get$SubscriberMethods() -> a
    void onCircleEvent(com.growingio.android.sdk.base.event.CircleEvent) -> a
    void onFirstLaunch(android.net.Uri) -> a
    void onGotSnapShotEvent(com.growingio.android.sdk.base.event.CircleGotWebSnapshotNodeEvent) -> a
    void onVPAEvent(com.growingio.android.sdk.models.VPAEvent) -> a
    void onViewTreeChange(com.growingio.android.sdk.base.event.ViewTreeStatusChangeEvent) -> a
    void onExit() -> b
    void onPagePause() -> c
    void onLoginSuccess() -> d
    void onPageResume() -> e
com.growingio.android.sdk.circle.CircleSubscriberInitialize -> b.f.a.a.d.c:
    void onSDKInitialize(com.growingio.android.sdk.base.event.BgInitializeSDKEvent) -> a
com.growingio.android.sdk.circle.HybridEventEditDialog -> b.f.a.a.d.d:
    com.growingio.android.sdk.circle.HybridEventEditDialog$HybridCircleContent mContent -> f
    java.lang.ref.WeakReference mWebViewAttachedDialog -> e
    android.webkit.WebView mWebView -> d
    android.webkit.WebChromeClient mWebChromeClient -> a
    android.webkit.WebViewClient mWebViewClient -> b
    boolean hasEditDialog -> c
    android.webkit.WebView access$000() -> a
    void onMessage(java.lang.String) -> a
    void prepareWebView(android.content.Context) -> a
    void setContent(android.app.Activity,java.util.List,java.lang.String,java.lang.String,java.lang.Runnable) -> a
    void detachWebView() -> b
    boolean hasEditDialog() -> c
com.growingio.android.sdk.circle.HybridEventEditDialog$1 -> b.f.a.a.d.d$a:
    com.growingio.android.sdk.circle.HybridEventEditDialog this$0 -> a
com.growingio.android.sdk.circle.HybridEventEditDialog$2 -> b.f.a.a.d.d$b:
    com.growingio.android.sdk.circle.HybridEventEditDialog this$0 -> a
com.growingio.android.sdk.circle.HybridEventEditDialog$3 -> b.f.a.a.d.d$c:
    com.growingio.android.sdk.circle.HybridEventEditDialog this$0 -> a
com.growingio.android.sdk.circle.HybridEventEditDialog$HybridCircleContent -> b.f.a.a.d.d$d:
    com.growingio.android.sdk.collection.CoreAppState coreAppState -> c
    boolean haveWebNode -> a
    java.lang.String data -> b
com.growingio.android.sdk.circle.HybridEventEditDialog$HybridCircleContent$1 -> b.f.a.a.d.d$d$a:
    org.json.JSONArray val$nativeElems -> b
    com.growingio.android.sdk.circle.HybridEventEditDialog$HybridCircleContent this$0 -> c
    org.json.JSONArray val$webElems -> a
    void traverseCallBack(com.growingio.android.sdk.models.ViewNode) -> b